<?xml version="1.0" encoding="UTF-8"?>
<testng-results ignored="0" total="1" passed="1" failed="0" skipped="0">
  <reporter-output>
  </reporter-output>
  <suite started-at="2021-12-22T21:11:26 IST" name="Suite" finished-at="2021-12-22T21:11:38 IST" duration-ms="12150">
    <groups>
    </groups>
    <test started-at="2021-12-22T21:11:26 IST" name="Test1" finished-at="2021-12-22T21:11:38 IST" duration-ms="12150">
      <class name="Com.Test.Verify_Test001">
        <test-method is-config="true" signature="BS()[pri:0, instance:Com.Test.Verify_Test001@5524cca1]" started-at="2021-12-22T21:11:25 IST" name="BS" finished-at="2021-12-22T21:11:26 IST" duration-ms="1607" status="PASS">
          <reporter-output>
          </reporter-output>
        </test-method> <!-- BS -->
        <test-method is-config="true" signature="SetUp(java.lang.String)[pri:0, instance:Com.Test.Verify_Test001@5524cca1]" started-at="2021-12-22T21:11:26 IST" name="SetUp" finished-at="2021-12-22T21:11:36 IST" duration-ms="9741" status="PASS">
          <params>
            <param index="0">
              <value>
                <![CDATA[Chrome]]>
              </value>
            </param>
          </params>
          <reporter-output>
          </reporter-output>
        </test-method> <!-- SetUp -->
        <test-method signature="Verify_mvn_tc001()[pri:0, instance:Com.Test.Verify_Test001@5524cca1]" started-at="2021-12-22T21:11:36 IST" name="Verify_mvn_tc001" finished-at="2021-12-22T21:11:37 IST" duration-ms="1286" status="PASS">
          <reporter-output>
          </reporter-output>
        </test-method> <!-- Verify_mvn_tc001 -->
        <test-method is-config="true" signature="tearDown()[pri:0, instance:Com.Test.Verify_Test001@5524cca1]" started-at="2021-12-22T21:11:38 IST" name="tearDown" finished-at="2021-12-22T21:11:38 IST" duration-ms="424" status="PASS">
          <reporter-output>
          </reporter-output>
        </test-method> <!-- tearDown -->
      </class> <!-- Com.Test.Verify_Test001 -->
    </test> <!-- Test1 -->
  </suite> <!-- Suite -->
</testng-results>
